-- Install configuration: ""
-- Up-to-date: /home/sathvik/ros2_ws/install/warehouse_sim/share/warehouse_sim/launch
-- Up-to-date: /home/sathvik/ros2_ws/install/warehouse_sim/share/warehouse_sim/launch/warehouse_gz.launch.py
-- Up-to-date: /home/sathvik/ros2_ws/install/warehouse_sim/share/warehouse_sim/worlds
-- Installing: /home/sathvik/ros2_ws/install/warehouse_sim/share/warehouse_sim/worlds/warehouse_world.sdf
-- Up-to-date: /home/sathvik/ros2_ws/install/warehouse_sim/share/warehouse_sim/models
-- Up-to-date: /home/sathvik/ros2_ws/install/warehouse_sim/share/warehouse_sim/models/diff_robot
-- Up-to-date: /home/sathvik/ros2_ws/install/warehouse_sim/share/warehouse_sim/models/diff_robot/model.config
-- Up-to-date: /home/sathvik/ros2_ws/install/warehouse_sim/share/warehouse_sim/models/diff_robot/model.sdf
-- Up-to-date: /home/sathvik/ros2_ws/install/warehouse_sim/share/warehouse_sim/maps
-- Up-to-date: /home/sathvik/ros2_ws/install/warehouse_sim/share/warehouse_sim/config
-- Up-to-date: /home/sathvik/ros2_ws/install/warehouse_sim/share/ament_index/resource_index/package_run_dependencies/warehouse_sim
-- Up-to-date: /home/sathvik/ros2_ws/install/warehouse_sim/share/ament_index/resource_index/parent_prefix_path/warehouse_sim
-- Up-to-date: /home/sathvik/ros2_ws/install/warehouse_sim/share/warehouse_sim/environment/ament_prefix_path.sh
-- Up-to-date: /home/sathvik/ros2_ws/install/warehouse_sim/share/warehouse_sim/environment/ament_prefix_path.dsv
-- Up-to-date: /home/sathvik/ros2_ws/install/warehouse_sim/share/warehouse_sim/environment/path.sh
-- Up-to-date: /home/sathvik/ros2_ws/install/warehouse_sim/share/warehouse_sim/environment/path.dsv
-- Up-to-date: /home/sathvik/ros2_ws/install/warehouse_sim/share/warehouse_sim/local_setup.bash
-- Up-to-date: /home/sathvik/ros2_ws/install/warehouse_sim/share/warehouse_sim/local_setup.sh
-- Up-to-date: /home/sathvik/ros2_ws/install/warehouse_sim/share/warehouse_sim/local_setup.zsh
-- Up-to-date: /home/sathvik/ros2_ws/install/warehouse_sim/share/warehouse_sim/local_setup.dsv
-- Up-to-date: /home/sathvik/ros2_ws/install/warehouse_sim/share/warehouse_sim/package.dsv
-- Up-to-date: /home/sathvik/ros2_ws/install/warehouse_sim/share/ament_index/resource_index/packages/warehouse_sim
-- Up-to-date: /home/sathvik/ros2_ws/install/warehouse_sim/share/warehouse_sim/cmake/warehouse_simConfig.cmake
-- Up-to-date: /home/sathvik/ros2_ws/install/warehouse_sim/share/warehouse_sim/cmake/warehouse_simConfig-version.cmake
-- Up-to-date: /home/sathvik/ros2_ws/install/warehouse_sim/share/warehouse_sim/package.xml
