[0.015s] Invoking command in '/home/sathvik/ros2_ws/build/warehouse_sim': CMAKE_PREFIX_PATH=/opt/ros/humble /usr/bin/cmake /home/sathvik/ros2_ws/warehouse_sim -DCMAKE_INSTALL_PREFIX=/home/sathvik/ros2_ws/install/warehouse_sim
[0.175s] -- The C compiler identification is GNU 11.4.0
[0.313s] -- The CXX compiler identification is GNU 11.4.0
[0.327s] -- Detecting C compiler ABI info
[0.450s] -- Detecting C compiler ABI info - done
[0.459s] -- Check for working C compiler: /usr/bin/cc - skipped
[0.460s] -- Detecting C compile features
[0.461s] -- Detecting C compile features - done
[0.464s] -- Detecting CXX compiler ABI info
[0.585s] -- Detecting CXX compiler ABI info - done
[0.595s] -- Check for working CXX compiler: /usr/bin/c++ - skipped
[0.595s] -- Detecting CXX compile features
[0.595s] -- Detecting CXX compile features - done
[0.599s] -- Found ament_cmake: 1.3.12 (/opt/ros/humble/share/ament_cmake/cmake)
[0.777s] -- Found Python3: /usr/bin/python3 (found version "3.10.12") found components: Interpreter 
[0.921s] -- Found rclcpp: 16.0.15 (/opt/ros/humble/share/rclcpp/cmake)
[0.978s] -- Found rosidl_generator_c: 3.1.7 (/opt/ros/humble/share/rosidl_generator_c/cmake)
[0.984s] -- Found rosidl_adapter: 3.1.7 (/opt/ros/humble/share/rosidl_adapter/cmake)
[0.995s] -- Found rosidl_generator_cpp: 3.1.7 (/opt/ros/humble/share/rosidl_generator_cpp/cmake)
[1.012s] -- Using all available rosidl_typesupport_c: rosidl_typesupport_fastrtps_c;rosidl_typesupport_introspection_c
[1.033s] -- Using all available rosidl_typesupport_cpp: rosidl_typesupport_fastrtps_cpp;rosidl_typesupport_introspection_cpp
[1.090s] -- Found rmw_implementation_cmake: 6.1.2 (/opt/ros/humble/share/rmw_implementation_cmake/cmake)
[1.094s] -- Found rmw_fastrtps_cpp: 6.2.9 (/opt/ros/humble/share/rmw_fastrtps_cpp/cmake)
[1.250s] -- Found OpenSSL: /usr/lib/x86_64-linux-gnu/libcrypto.so (found version "3.0.2")  
[1.285s] -- Found FastRTPS: /opt/ros/humble/include  
[1.340s] -- Using RMW implementation 'rmw_fastrtps_cpp' as default
[1.351s] -- Looking for pthread.h
[1.465s] -- Looking for pthread.h - found
[1.466s] -- Performing Test CMAKE_HAVE_LIBC_PTHREAD
[1.596s] -- Performing Test CMAKE_HAVE_LIBC_PTHREAD - Success
[1.599s] -- Found Threads: TRUE  
[1.680s] -- Found ros_gz_sim: 0.244.20 (/opt/ros/humble/share/ros_gz_sim/cmake)
[1.683s] -- Found ros_gz_bridge: 0.244.20 (/opt/ros/humble/share/ros_gz_bridge/cmake)
[1.774s] -- Found Protobuf: /usr/lib/x86_64-linux-gnu/libprotobuf.so (found suitable version "3.12.4", minimum required is "3") 
[1.913s] -- Found Protobuf: /usr/lib/x86_64-linux-gnu/libprotobuf.so (found version "3.12.4") 
[2.379s] [31mCMake Error at CMakeLists.txt:13 (find_package):
[2.379s]   By not providing "Findnav2_bringup.cmake" in CMAKE_MODULE_PATH this project
[2.379s]   has asked CMake to find a package configuration file provided by
[2.379s]   "nav2_bringup", but CMake did not find one.
[2.380s] 
[2.380s]   Could not find a package configuration file provided by "nav2_bringup" with
[2.380s]   any of the following names:
[2.380s] 
[2.380s]     nav2_bringupConfig.cmake
[2.380s]     nav2_bringup-config.cmake
[2.381s] 
[2.381s]   Add the installation prefix of "nav2_bringup" to CMAKE_PREFIX_PATH or set
[2.381s]   "nav2_bringup_DIR" to a directory containing one of the above files.  If
[2.381s]   "nav2_bringup" provides a separate development package or SDK, be sure it
[2.381s]   has been installed.
[2.381s] 
[2.381s] [0m
[2.382s] -- Configuring incomplete, errors occurred!
[2.382s] See also "/home/sathvik/ros2_ws/build/warehouse_sim/CMakeFiles/CMakeOutput.log".
[2.392s] Invoked command in '/home/sathvik/ros2_ws/build/warehouse_sim' returned '1': CMAKE_PREFIX_PATH=/opt/ros/humble /usr/bin/cmake /home/sathvik/ros2_ws/warehouse_sim -DCMAKE_INSTALL_PREFIX=/home/sathvik/ros2_ws/install/warehouse_sim
