[0.015s] Invoking command in '/home/sathvik/ros2_ws/build/warehouse_sim': CMAKE_PREFIX_PATH=${CMAKE_PREFIX_PATH}:/opt/ros/humble /usr/bin/cmake --build /home/sathvik/ros2_ws/build/warehouse_sim -- -j8 -l8
[0.073s] Invoked command in '/home/sathvik/ros2_ws/build/warehouse_sim' returned '0': CMAKE_PREFIX_PATH=${CMAKE_PREFIX_PATH}:/opt/ros/humble /usr/bin/cmake --build /home/sathvik/ros2_ws/build/warehouse_sim -- -j8 -l8
[0.088s] Invoking command in '/home/sathvik/ros2_ws/build/warehouse_sim': CMAKE_PREFIX_PATH=${CMAKE_PREFIX_PATH}:/opt/ros/humble /usr/bin/cmake --install /home/sathvik/ros2_ws/build/warehouse_sim
[0.096s] -- Install configuration: ""
[0.096s] -- Up-to-date: /home/sathvik/ros2_ws/install/warehouse_sim/share/warehouse_sim/launch
[0.097s] -- Up-to-date: /home/sathvik/ros2_ws/install/warehouse_sim/share/warehouse_sim/launch/warehouse_gz.launch.py
[0.097s] -- Up-to-date: /home/sathvik/ros2_ws/install/warehouse_sim/share/warehouse_sim/worlds
[0.097s] -- Up-to-date: /home/sathvik/ros2_ws/install/warehouse_sim/share/warehouse_sim/worlds/warehouse_world.sdf
[0.097s] -- Up-to-date: /home/sathvik/ros2_ws/install/warehouse_sim/share/warehouse_sim/models
[0.097s] -- Up-to-date: /home/sathvik/ros2_ws/install/warehouse_sim/share/warehouse_sim/models/diff_robot
[0.097s] -- Up-to-date: /home/sathvik/ros2_ws/install/warehouse_sim/share/warehouse_sim/models/diff_robot/model.config
[0.098s] -- Installing: /home/sathvik/ros2_ws/install/warehouse_sim/share/warehouse_sim/models/diff_robot/model2.sdf
[0.098s] -- Up-to-date: /home/sathvik/ros2_ws/install/warehouse_sim/share/warehouse_sim/models/diff_robot/model.sdf
[0.098s] -- Up-to-date: /home/sathvik/ros2_ws/install/warehouse_sim/share/warehouse_sim/maps
[0.098s] -- Up-to-date: /home/sathvik/ros2_ws/install/warehouse_sim/share/warehouse_sim/config
[0.098s] -- Up-to-date: /home/sathvik/ros2_ws/install/warehouse_sim/share/ament_index/resource_index/package_run_dependencies/warehouse_sim
[0.099s] -- Up-to-date: /home/sathvik/ros2_ws/install/warehouse_sim/share/ament_index/resource_index/parent_prefix_path/warehouse_sim
[0.099s] -- Up-to-date: /home/sathvik/ros2_ws/install/warehouse_sim/share/warehouse_sim/environment/ament_prefix_path.sh
[0.099s] -- Up-to-date: /home/sathvik/ros2_ws/install/warehouse_sim/share/warehouse_sim/environment/ament_prefix_path.dsv
[0.099s] -- Up-to-date: /home/sathvik/ros2_ws/install/warehouse_sim/share/warehouse_sim/environment/path.sh
[0.099s] -- Up-to-date: /home/sathvik/ros2_ws/install/warehouse_sim/share/warehouse_sim/environment/path.dsv
[0.099s] -- Up-to-date: /home/sathvik/ros2_ws/install/warehouse_sim/share/warehouse_sim/local_setup.bash
[0.099s] -- Up-to-date: /home/sathvik/ros2_ws/install/warehouse_sim/share/warehouse_sim/local_setup.sh
[0.100s] -- Up-to-date: /home/sathvik/ros2_ws/install/warehouse_sim/share/warehouse_sim/local_setup.zsh
[0.100s] -- Up-to-date: /home/sathvik/ros2_ws/install/warehouse_sim/share/warehouse_sim/local_setup.dsv
[0.100s] -- Installing: /home/sathvik/ros2_ws/install/warehouse_sim/share/warehouse_sim/package.dsv
[0.100s] -- Up-to-date: /home/sathvik/ros2_ws/install/warehouse_sim/share/ament_index/resource_index/packages/warehouse_sim
[0.101s] -- Up-to-date: /home/sathvik/ros2_ws/install/warehouse_sim/share/warehouse_sim/cmake/warehouse_simConfig.cmake
[0.101s] -- Up-to-date: /home/sathvik/ros2_ws/install/warehouse_sim/share/warehouse_sim/cmake/warehouse_simConfig-version.cmake
[0.101s] -- Up-to-date: /home/sathvik/ros2_ws/install/warehouse_sim/share/warehouse_sim/package.xml
[0.102s] Invoked command in '/home/sathvik/ros2_ws/build/warehouse_sim' returned '0': CMAKE_PREFIX_PATH=${CMAKE_PREFIX_PATH}:/opt/ros/humble /usr/bin/cmake --install /home/sathvik/ros2_ws/build/warehouse_sim
