[0.159s] DEBUG:colcon:Command line arguments: ['/usr/bin/colcon', 'build', '--packages-select', 'warehouse_sim']
[0.159s] DEBUG:colcon:Parsed command line arguments: Namespace(log_base=None, log_level=None, verb_name='build', build_base='build', install_base='install', merge_install=False, symlink_install=False, test_result_base=None, continue_on_error=False, executor='parallel', parallel_workers=8, event_handlers=None, ignore_user_meta=False, metas=['./colcon.meta'], base_paths=['.'], packages_ignore=None, packages_ignore_regex=None, paths=None, packages_up_to=None, packages_up_to_regex=None, packages_above=None, packages_above_and_dependencies=None, packages_above_depth=None, packages_select_by_dep=None, packages_skip_by_dep=None, packages_skip_up_to=None, packages_select_build_failed=False, packages_skip_build_finished=False, packages_select_test_failures=False, packages_skip_test_passed=False, packages_select=['warehouse_sim'], packages_skip=None, packages_select_regex=None, packages_skip_regex=None, packages_start=None, packages_end=None, allow_overriding=[], cmake_args=None, cmake_target=None, cmake_target_skip_unavailable=False, cmake_clean_cache=False, cmake_clean_first=False, cmake_force_configure=False, ament_cmake_args=None, catkin_cmake_args=None, catkin_skip_building_tests=False, verb_parser=<colcon_defaults.argument_parser.defaults.DefaultArgumentsDecorator object at 0x7d849353b010>, verb_extension=<colcon_core.verb.build.BuildVerb object at 0x7d849353ab30>, main=<bound method BuildVerb.main of <colcon_core.verb.build.BuildVerb object at 0x7d849353ab30>>)
[0.416s] Level 1:colcon.colcon_core.package_discovery:discover_packages(colcon_meta) check parameters
[0.416s] Level 1:colcon.colcon_core.package_discovery:discover_packages(recursive) check parameters
[0.416s] Level 1:colcon.colcon_core.package_discovery:discover_packages(ignore) check parameters
[0.416s] Level 1:colcon.colcon_core.package_discovery:discover_packages(path) check parameters
[0.416s] Level 1:colcon.colcon_core.package_discovery:discover_packages(colcon_meta) discover
[0.416s] Level 1:colcon.colcon_core.package_discovery:discover_packages(recursive) discover
[0.416s] INFO:colcon.colcon_core.package_discovery:Crawling recursively for packages in '/home/sathvik/ros2_ws'
[0.416s] Level 1:colcon.colcon_core.package_identification:_identify(.) by extensions ['ignore', 'ignore_ament_install']
[0.417s] Level 1:colcon.colcon_core.package_identification:_identify(.) by extension 'ignore'
[0.417s] Level 1:colcon.colcon_core.package_identification:_identify(.) by extension 'ignore_ament_install'
[0.417s] Level 1:colcon.colcon_core.package_identification:_identify(.) by extensions ['colcon_pkg']
[0.417s] Level 1:colcon.colcon_core.package_identification:_identify(.) by extension 'colcon_pkg'
[0.417s] Level 1:colcon.colcon_core.package_identification:_identify(.) by extensions ['colcon_meta']
[0.417s] Level 1:colcon.colcon_core.package_identification:_identify(.) by extension 'colcon_meta'
[0.417s] Level 1:colcon.colcon_core.package_identification:_identify(.) by extensions ['ros']
[0.417s] Level 1:colcon.colcon_core.package_identification:_identify(.) by extension 'ros'
[0.430s] Level 1:colcon.colcon_core.package_identification:_identify(.) by extensions ['cmake', 'python']
[0.430s] Level 1:colcon.colcon_core.package_identification:_identify(.) by extension 'cmake'
[0.430s] Level 1:colcon.colcon_core.package_identification:_identify(.) by extension 'python'
[0.430s] Level 1:colcon.colcon_core.package_identification:_identify(.) by extensions ['python_setup_py']
[0.430s] Level 1:colcon.colcon_core.package_identification:_identify(.) by extension 'python_setup_py'
[0.430s] Level 1:colcon.colcon_core.package_identification:_identify(build) by extensions ['ignore', 'ignore_ament_install']
[0.431s] Level 1:colcon.colcon_core.package_identification:_identify(build) by extension 'ignore'
[0.431s] Level 1:colcon.colcon_core.package_identification:_identify(build) ignored
[0.431s] Level 1:colcon.colcon_core.package_identification:_identify(install) by extensions ['ignore', 'ignore_ament_install']
[0.431s] Level 1:colcon.colcon_core.package_identification:_identify(install) by extension 'ignore'
[0.431s] Level 1:colcon.colcon_core.package_identification:_identify(install) ignored
[0.431s] Level 1:colcon.colcon_core.package_identification:_identify(log) by extensions ['ignore', 'ignore_ament_install']
[0.431s] Level 1:colcon.colcon_core.package_identification:_identify(log) by extension 'ignore'
[0.431s] Level 1:colcon.colcon_core.package_identification:_identify(log) ignored
[0.431s] Level 1:colcon.colcon_core.package_identification:_identify(warehouse_sim) by extensions ['ignore', 'ignore_ament_install']
[0.431s] Level 1:colcon.colcon_core.package_identification:_identify(warehouse_sim) by extension 'ignore'
[0.431s] Level 1:colcon.colcon_core.package_identification:_identify(warehouse_sim) by extension 'ignore_ament_install'
[0.431s] Level 1:colcon.colcon_core.package_identification:_identify(warehouse_sim) by extensions ['colcon_pkg']
[0.432s] Level 1:colcon.colcon_core.package_identification:_identify(warehouse_sim) by extension 'colcon_pkg'
[0.432s] Level 1:colcon.colcon_core.package_identification:_identify(warehouse_sim) by extensions ['colcon_meta']
[0.432s] Level 1:colcon.colcon_core.package_identification:_identify(warehouse_sim) by extension 'colcon_meta'
[0.432s] Level 1:colcon.colcon_core.package_identification:_identify(warehouse_sim) by extensions ['ros']
[0.432s] Level 1:colcon.colcon_core.package_identification:_identify(warehouse_sim) by extension 'ros'
[0.435s] DEBUG:colcon.colcon_core.package_identification:Package 'warehouse_sim' with type 'ros.ament_cmake' and name 'warehouse_sim'
[0.435s] Level 1:colcon.colcon_core.package_discovery:discover_packages(recursive) using defaults
[0.435s] Level 1:colcon.colcon_core.package_discovery:discover_packages(ignore) discover
[0.435s] Level 1:colcon.colcon_core.package_discovery:discover_packages(ignore) using defaults
[0.435s] Level 1:colcon.colcon_core.package_discovery:discover_packages(path) discover
[0.435s] Level 1:colcon.colcon_core.package_discovery:discover_packages(path) using defaults
[0.462s] Level 1:colcon.colcon_core.package_discovery:discover_packages(prefix_path) check parameters
[0.462s] Level 1:colcon.colcon_core.package_discovery:discover_packages(prefix_path) discover
[0.466s] DEBUG:colcon.colcon_installed_package_information.package_discovery:Found 338 installed packages in /opt/ros/humble
[0.483s] Level 1:colcon.colcon_core.package_discovery:discover_packages(prefix_path) using defaults
[0.531s] Level 5:colcon.colcon_core.verb:set package 'warehouse_sim' build argument 'cmake_args' from command line to 'None'
[0.531s] Level 5:colcon.colcon_core.verb:set package 'warehouse_sim' build argument 'cmake_target' from command line to 'None'
[0.531s] Level 5:colcon.colcon_core.verb:set package 'warehouse_sim' build argument 'cmake_target_skip_unavailable' from command line to 'False'
[0.531s] Level 5:colcon.colcon_core.verb:set package 'warehouse_sim' build argument 'cmake_clean_cache' from command line to 'False'
[0.531s] Level 5:colcon.colcon_core.verb:set package 'warehouse_sim' build argument 'cmake_clean_first' from command line to 'False'
[0.531s] Level 5:colcon.colcon_core.verb:set package 'warehouse_sim' build argument 'cmake_force_configure' from command line to 'False'
[0.531s] Level 5:colcon.colcon_core.verb:set package 'warehouse_sim' build argument 'ament_cmake_args' from command line to 'None'
[0.531s] Level 5:colcon.colcon_core.verb:set package 'warehouse_sim' build argument 'catkin_cmake_args' from command line to 'None'
[0.531s] Level 5:colcon.colcon_core.verb:set package 'warehouse_sim' build argument 'catkin_skip_building_tests' from command line to 'False'
[0.532s] DEBUG:colcon.colcon_core.verb:Building package 'warehouse_sim' with the following arguments: {'ament_cmake_args': None, 'build_base': '/home/sathvik/ros2_ws/build/warehouse_sim', 'catkin_cmake_args': None, 'catkin_skip_building_tests': False, 'cmake_args': None, 'cmake_clean_cache': False, 'cmake_clean_first': False, 'cmake_force_configure': False, 'cmake_target': None, 'cmake_target_skip_unavailable': False, 'install_base': '/home/sathvik/ros2_ws/install/warehouse_sim', 'merge_install': False, 'path': '/home/sathvik/ros2_ws/warehouse_sim', 'symlink_install': False, 'test_result_base': None}
[0.532s] INFO:colcon.colcon_core.executor:Executing jobs using 'parallel' executor
[0.533s] DEBUG:colcon.colcon_parallel_executor.executor.parallel:run_until_complete
[0.533s] INFO:colcon.colcon_ros.task.ament_cmake.build:Building ROS package in '/home/sathvik/ros2_ws/warehouse_sim' with build type 'ament_cmake'
[0.534s] INFO:colcon.colcon_cmake.task.cmake.build:Building CMake package in '/home/sathvik/ros2_ws/warehouse_sim'
[0.537s] INFO:colcon.colcon_core.plugin_system:Skipping extension 'colcon_core.shell.bat': Not used on non-Windows systems
[0.537s] INFO:colcon.colcon_core.shell:Skip shell extension 'powershell' for command environment: Not usable outside of PowerShell
[0.537s] DEBUG:colcon.colcon_core.shell:Skip shell extension 'dsv' for command environment
[0.549s] DEBUG:colcon.colcon_core.event_handler.log_command:Invoking command in '/home/sathvik/ros2_ws/build/warehouse_sim': CMAKE_PREFIX_PATH=/opt/ros/humble /usr/bin/cmake --build /home/sathvik/ros2_ws/build/warehouse_sim -- -j8 -l8
[0.618s] DEBUG:colcon.colcon_core.event_handler.log_command:Invoked command in '/home/sathvik/ros2_ws/build/warehouse_sim' returned '0': CMAKE_PREFIX_PATH=/opt/ros/humble /usr/bin/cmake --build /home/sathvik/ros2_ws/build/warehouse_sim -- -j8 -l8
[0.643s] DEBUG:colcon.colcon_core.event_handler.log_command:Invoking command in '/home/sathvik/ros2_ws/build/warehouse_sim': CMAKE_PREFIX_PATH=/opt/ros/humble /usr/bin/cmake --install /home/sathvik/ros2_ws/build/warehouse_sim
[0.658s] Level 1:colcon.colcon_core.environment:create_environment_scripts_only(warehouse_sim)
[0.663s] DEBUG:colcon.colcon_core.event_handler.log_command:Invoked command in '/home/sathvik/ros2_ws/build/warehouse_sim' returned '0': CMAKE_PREFIX_PATH=/opt/ros/humble /usr/bin/cmake --install /home/sathvik/ros2_ws/build/warehouse_sim
[0.665s] Level 1:colcon.colcon_core.environment:checking '/home/sathvik/ros2_ws/install/warehouse_sim' for CMake module files
[0.666s] Level 1:colcon.colcon_core.environment:checking '/home/sathvik/ros2_ws/install/warehouse_sim' for CMake config files
[0.666s] Level 1:colcon.colcon_core.shell:create_environment_hook('warehouse_sim', 'cmake_prefix_path')
[0.667s] INFO:colcon.colcon_core.shell:Creating environment hook '/home/sathvik/ros2_ws/install/warehouse_sim/share/warehouse_sim/hook/cmake_prefix_path.ps1'
[0.667s] INFO:colcon.colcon_core.shell:Creating environment descriptor '/home/sathvik/ros2_ws/install/warehouse_sim/share/warehouse_sim/hook/cmake_prefix_path.dsv'
[0.668s] INFO:colcon.colcon_core.shell:Creating environment hook '/home/sathvik/ros2_ws/install/warehouse_sim/share/warehouse_sim/hook/cmake_prefix_path.sh'
[0.671s] Level 1:colcon.colcon_core.environment:checking '/home/sathvik/ros2_ws/install/warehouse_sim/bin'
[0.671s] Level 1:colcon.colcon_core.environment:checking '/home/sathvik/ros2_ws/install/warehouse_sim/lib/pkgconfig/warehouse_sim.pc'
[0.671s] Level 1:colcon.colcon_core.environment:checking '/home/sathvik/ros2_ws/install/warehouse_sim/lib/python3.10/site-packages'
[0.672s] Level 1:colcon.colcon_core.environment:checking '/home/sathvik/ros2_ws/install/warehouse_sim/bin'
[0.673s] INFO:colcon.colcon_core.shell:Creating package script '/home/sathvik/ros2_ws/install/warehouse_sim/share/warehouse_sim/package.ps1'
[0.676s] INFO:colcon.colcon_core.shell:Creating package descriptor '/home/sathvik/ros2_ws/install/warehouse_sim/share/warehouse_sim/package.dsv'
[0.678s] INFO:colcon.colcon_core.shell:Creating package script '/home/sathvik/ros2_ws/install/warehouse_sim/share/warehouse_sim/package.sh'
[0.680s] INFO:colcon.colcon_core.shell:Creating package script '/home/sathvik/ros2_ws/install/warehouse_sim/share/warehouse_sim/package.bash'
[0.682s] INFO:colcon.colcon_core.shell:Creating package script '/home/sathvik/ros2_ws/install/warehouse_sim/share/warehouse_sim/package.zsh'
[0.684s] Level 1:colcon.colcon_core.environment:create_file_with_runtime_dependencies(/home/sathvik/ros2_ws/install/warehouse_sim/share/colcon-core/packages/warehouse_sim)
[0.686s] Level 1:colcon.colcon_core.environment:create_environment_scripts_only(warehouse_sim)
[0.687s] Level 1:colcon.colcon_core.environment:checking '/home/sathvik/ros2_ws/install/warehouse_sim' for CMake module files
[0.688s] Level 1:colcon.colcon_core.environment:checking '/home/sathvik/ros2_ws/install/warehouse_sim' for CMake config files
[0.689s] Level 1:colcon.colcon_core.shell:create_environment_hook('warehouse_sim', 'cmake_prefix_path')
[0.690s] INFO:colcon.colcon_core.shell:Creating environment hook '/home/sathvik/ros2_ws/install/warehouse_sim/share/warehouse_sim/hook/cmake_prefix_path.ps1'
[0.692s] INFO:colcon.colcon_core.shell:Creating environment descriptor '/home/sathvik/ros2_ws/install/warehouse_sim/share/warehouse_sim/hook/cmake_prefix_path.dsv'
[0.694s] INFO:colcon.colcon_core.shell:Creating environment hook '/home/sathvik/ros2_ws/install/warehouse_sim/share/warehouse_sim/hook/cmake_prefix_path.sh'
[0.696s] Level 1:colcon.colcon_core.environment:checking '/home/sathvik/ros2_ws/install/warehouse_sim/bin'
[0.696s] Level 1:colcon.colcon_core.environment:checking '/home/sathvik/ros2_ws/install/warehouse_sim/lib/pkgconfig/warehouse_sim.pc'
[0.697s] Level 1:colcon.colcon_core.environment:checking '/home/sathvik/ros2_ws/install/warehouse_sim/lib/python3.10/site-packages'
[0.698s] Level 1:colcon.colcon_core.environment:checking '/home/sathvik/ros2_ws/install/warehouse_sim/bin'
[0.699s] INFO:colcon.colcon_core.shell:Creating package script '/home/sathvik/ros2_ws/install/warehouse_sim/share/warehouse_sim/package.ps1'
[0.700s] INFO:colcon.colcon_core.shell:Creating package descriptor '/home/sathvik/ros2_ws/install/warehouse_sim/share/warehouse_sim/package.dsv'
[0.702s] INFO:colcon.colcon_core.shell:Creating package script '/home/sathvik/ros2_ws/install/warehouse_sim/share/warehouse_sim/package.sh'
[0.703s] INFO:colcon.colcon_core.shell:Creating package script '/home/sathvik/ros2_ws/install/warehouse_sim/share/warehouse_sim/package.bash'
[0.704s] INFO:colcon.colcon_core.shell:Creating package script '/home/sathvik/ros2_ws/install/warehouse_sim/share/warehouse_sim/package.zsh'
[0.705s] Level 1:colcon.colcon_core.environment:create_file_with_runtime_dependencies(/home/sathvik/ros2_ws/install/warehouse_sim/share/colcon-core/packages/warehouse_sim)
[0.706s] DEBUG:colcon.colcon_parallel_executor.executor.parallel:closing loop
[0.706s] DEBUG:colcon.colcon_parallel_executor.executor.parallel:loop closed
[0.706s] DEBUG:colcon.colcon_parallel_executor.executor.parallel:run_until_complete finished with '0'
[0.706s] DEBUG:colcon.colcon_core.event_reactor:joining thread
[0.720s] INFO:colcon.colcon_core.plugin_system:Skipping extension 'colcon_notification.desktop_notification.terminal_notifier': Not used on non-Darwin systems
[0.720s] INFO:colcon.colcon_core.plugin_system:Skipping extension 'colcon_notification.desktop_notification.win32': Not used on non-Windows systems
[0.720s] INFO:colcon.colcon_notification.desktop_notification:Sending desktop notification using 'notify2'
[0.780s] DEBUG:colcon.colcon_core.event_reactor:joined thread
[0.781s] INFO:colcon.colcon_core.shell:Creating prefix script '/home/sathvik/ros2_ws/install/local_setup.ps1'
[0.783s] INFO:colcon.colcon_core.shell:Creating prefix util module '/home/sathvik/ros2_ws/install/_local_setup_util_ps1.py'
[0.785s] INFO:colcon.colcon_core.shell:Creating prefix chain script '/home/sathvik/ros2_ws/install/setup.ps1'
[0.786s] INFO:colcon.colcon_core.shell:Creating prefix script '/home/sathvik/ros2_ws/install/local_setup.sh'
[0.788s] INFO:colcon.colcon_core.shell:Creating prefix util module '/home/sathvik/ros2_ws/install/_local_setup_util_sh.py'
[0.789s] INFO:colcon.colcon_core.shell:Creating prefix chain script '/home/sathvik/ros2_ws/install/setup.sh'
[0.791s] INFO:colcon.colcon_core.shell:Creating prefix script '/home/sathvik/ros2_ws/install/local_setup.bash'
[0.793s] INFO:colcon.colcon_core.shell:Creating prefix chain script '/home/sathvik/ros2_ws/install/setup.bash'
[0.797s] INFO:colcon.colcon_core.shell:Creating prefix script '/home/sathvik/ros2_ws/install/local_setup.zsh'
[0.799s] INFO:colcon.colcon_core.shell:Creating prefix chain script '/home/sathvik/ros2_ws/install/setup.zsh'
