-- The C compiler identification is GNU 11.4.0
-- The CXX compiler identification is GNU 11.4.0
-- Detecting C compiler ABI info
-- Detecting C compiler ABI info - done
-- Check for working C compiler: /usr/bin/cc - skipped
-- Detecting C compile features
-- Detecting C compile features - done
-- Detecting CXX compiler ABI info
-- Detecting CXX compiler ABI info - done
-- Check for working CXX compiler: /usr/bin/c++ - skipped
-- Detecting CXX compile features
-- Detecting CXX compile features - done
-- Found ament_cmake: 1.3.12 (/opt/ros/humble/share/ament_cmake/cmake)
-- Found Python3: /usr/bin/python3 (found version "3.10.12") found components: Interpreter 
-- Found rclcpp: 16.0.15 (/opt/ros/humble/share/rclcpp/cmake)
-- Found rosidl_generator_c: 3.1.7 (/opt/ros/humble/share/rosidl_generator_c/cmake)
-- Found rosidl_adapter: 3.1.7 (/opt/ros/humble/share/rosidl_adapter/cmake)
-- Found rosidl_generator_cpp: 3.1.7 (/opt/ros/humble/share/rosidl_generator_cpp/cmake)
-- Using all available rosidl_typesupport_c: rosidl_typesupport_fastrtps_c;rosidl_typesupport_introspection_c
-- Using all available rosidl_typesupport_cpp: rosidl_typesupport_fastrtps_cpp;rosidl_typesupport_introspection_cpp
-- Found rmw_implementation_cmake: 6.1.2 (/opt/ros/humble/share/rmw_implementation_cmake/cmake)
-- Found rmw_fastrtps_cpp: 6.2.9 (/opt/ros/humble/share/rmw_fastrtps_cpp/cmake)
-- Found OpenSSL: /usr/lib/x86_64-linux-gnu/libcrypto.so (found version "3.0.2")  
-- Found FastRTPS: /opt/ros/humble/include  
-- Using RMW implementation 'rmw_fastrtps_cpp' as default
-- Looking for pthread.h
-- Looking for pthread.h - found
-- Performing Test CMAKE_HAVE_LIBC_PTHREAD
-- Performing Test CMAKE_HAVE_LIBC_PTHREAD - Success
-- Found Threads: TRUE  
-- Found ros_gz_sim: 0.244.20 (/opt/ros/humble/share/ros_gz_sim/cmake)
-- Found ros_gz_bridge: 0.244.20 (/opt/ros/humble/share/ros_gz_bridge/cmake)
-- Found Protobuf: /usr/lib/x86_64-linux-gnu/libprotobuf.so (found suitable version "3.12.4", minimum required is "3") 
-- Found Protobuf: /usr/lib/x86_64-linux-gnu/libprotobuf.so (found version "3.12.4") 
-- Found nav2_bringup: 1.1.19 (/opt/ros/humble/share/nav2_bringup/cmake)
-- Found tf2_ros: 0.25.16 (/opt/ros/humble/share/tf2_ros/cmake)
-- Found ament_lint_auto: 0.12.14 (/opt/ros/humble/share/ament_lint_auto/cmake)
-- Added test 'flake8' to check Python code syntax and style conventions
-- Added test 'lint_cmake' to check CMake code style
-- Added test 'pep257' to check Python code against some of the docstring style conventions in PEP 257
-- Added test 'xmllint' to check XML markup files
-- Configuring done
-- Generating done
-- Build files have been written to: /home/sathvik/ros2_ws/build/warehouse_sim
-- Install configuration: ""
-- Installing: /home/sathvik/ros2_ws/install/warehouse_sim/share/warehouse_sim/launch
-- Installing: /home/sathvik/ros2_ws/install/warehouse_sim/share/warehouse_sim/launch/warehouse_gz.launch.py
-- Installing: /home/sathvik/ros2_ws/install/warehouse_sim/share/warehouse_sim/worlds
-- Installing: /home/sathvik/ros2_ws/install/warehouse_sim/share/warehouse_sim/worlds/warehouse_world.sdf
-- Installing: /home/sathvik/ros2_ws/install/warehouse_sim/share/warehouse_sim/models
-- Installing: /home/sathvik/ros2_ws/install/warehouse_sim/share/warehouse_sim/models/diff_robot
-- Installing: /home/sathvik/ros2_ws/install/warehouse_sim/share/warehouse_sim/models/diff_robot/model.config
-- Installing: /home/sathvik/ros2_ws/install/warehouse_sim/share/warehouse_sim/models/diff_robot/model.sdf
-- Installing: /home/sathvik/ros2_ws/install/warehouse_sim/share/warehouse_sim/maps
-- Installing: /home/sathvik/ros2_ws/install/warehouse_sim/share/warehouse_sim/config
-- Installing: /home/sathvik/ros2_ws/install/warehouse_sim/share/ament_index/resource_index/package_run_dependencies/warehouse_sim
-- Installing: /home/sathvik/ros2_ws/install/warehouse_sim/share/ament_index/resource_index/parent_prefix_path/warehouse_sim
-- Installing: /home/sathvik/ros2_ws/install/warehouse_sim/share/warehouse_sim/environment/ament_prefix_path.sh
-- Installing: /home/sathvik/ros2_ws/install/warehouse_sim/share/warehouse_sim/environment/ament_prefix_path.dsv
-- Installing: /home/sathvik/ros2_ws/install/warehouse_sim/share/warehouse_sim/environment/path.sh
-- Installing: /home/sathvik/ros2_ws/install/warehouse_sim/share/warehouse_sim/environment/path.dsv
-- Installing: /home/sathvik/ros2_ws/install/warehouse_sim/share/warehouse_sim/local_setup.bash
-- Installing: /home/sathvik/ros2_ws/install/warehouse_sim/share/warehouse_sim/local_setup.sh
-- Installing: /home/sathvik/ros2_ws/install/warehouse_sim/share/warehouse_sim/local_setup.zsh
-- Installing: /home/sathvik/ros2_ws/install/warehouse_sim/share/warehouse_sim/local_setup.dsv
-- Installing: /home/sathvik/ros2_ws/install/warehouse_sim/share/warehouse_sim/package.dsv
-- Installing: /home/sathvik/ros2_ws/install/warehouse_sim/share/ament_index/resource_index/packages/warehouse_sim
-- Installing: /home/sathvik/ros2_ws/install/warehouse_sim/share/warehouse_sim/cmake/warehouse_simConfig.cmake
-- Installing: /home/sathvik/ros2_ws/install/warehouse_sim/share/warehouse_sim/cmake/warehouse_simConfig-version.cmake
-- Installing: /home/sathvik/ros2_ws/install/warehouse_sim/share/warehouse_sim/package.xml
