[0.014s] Invoking command in '/home/sathvik/ros2_ws/build/warehouse_sim': CMAKE_PREFIX_PATH=${CMAKE_PREFIX_PATH}:/opt/ros/humble /usr/bin/cmake /home/sathvik/ros2_ws/warehouse_sim -DCMAKE_INSTALL_PREFIX=/home/sathvik/ros2_ws/install/warehouse_sim
[0.084s] -- The C compiler identification is GNU 11.4.0
[0.171s] -- The CXX compiler identification is GNU 11.4.0
[0.189s] -- Detecting C compiler ABI info
[0.308s] -- Detecting C compiler ABI info - done
[0.316s] -- Check for working C compiler: /usr/bin/cc - skipped
[0.317s] -- Detecting C compile features
[0.317s] -- Detecting C compile features - done
[0.320s] -- Detecting CXX compiler ABI info
[0.437s] -- Detecting CXX compiler ABI info - done
[0.446s] -- Check for working CXX compiler: /usr/bin/c++ - skipped
[0.446s] -- Detecting CXX compile features
[0.447s] -- Detecting CXX compile features - done
[0.450s] -- Found ament_cmake: 1.3.12 (/opt/ros/humble/share/ament_cmake/cmake)
[0.656s] -- Found Python3: /usr/bin/python3 (found version "3.10.12") found components: Interpreter 
[0.790s] -- Found rclcpp: 16.0.15 (/opt/ros/humble/share/rclcpp/cmake)
[0.837s] -- Found rosidl_generator_c: 3.1.7 (/opt/ros/humble/share/rosidl_generator_c/cmake)
[0.842s] -- Found rosidl_adapter: 3.1.7 (/opt/ros/humble/share/rosidl_adapter/cmake)
[0.852s] -- Found rosidl_generator_cpp: 3.1.7 (/opt/ros/humble/share/rosidl_generator_cpp/cmake)
[0.865s] -- Using all available rosidl_typesupport_c: rosidl_typesupport_fastrtps_c;rosidl_typesupport_introspection_c
[0.885s] -- Using all available rosidl_typesupport_cpp: rosidl_typesupport_fastrtps_cpp;rosidl_typesupport_introspection_cpp
[0.937s] -- Found rmw_implementation_cmake: 6.1.2 (/opt/ros/humble/share/rmw_implementation_cmake/cmake)
[0.940s] -- Found rmw_fastrtps_cpp: 6.2.9 (/opt/ros/humble/share/rmw_fastrtps_cpp/cmake)
[1.097s] -- Found OpenSSL: /usr/lib/x86_64-linux-gnu/libcrypto.so (found version "3.0.2")  
[1.133s] -- Found FastRTPS: /opt/ros/humble/include  
[1.189s] -- Using RMW implementation 'rmw_fastrtps_cpp' as default
[1.198s] -- Looking for pthread.h
[1.302s] -- Looking for pthread.h - found
[1.302s] -- Performing Test CMAKE_HAVE_LIBC_PTHREAD
[1.435s] -- Performing Test CMAKE_HAVE_LIBC_PTHREAD - Success
[1.437s] -- Found Threads: TRUE  
[1.495s] -- Found ros_gz_sim: 0.244.20 (/opt/ros/humble/share/ros_gz_sim/cmake)
[1.498s] -- Found ros_gz_bridge: 0.244.20 (/opt/ros/humble/share/ros_gz_bridge/cmake)
[1.575s] -- Found Protobuf: /usr/lib/x86_64-linux-gnu/libprotobuf.so (found suitable version "3.12.4", minimum required is "3") 
[1.694s] -- Found Protobuf: /usr/lib/x86_64-linux-gnu/libprotobuf.so (found version "3.12.4") 
[2.088s] -- Found nav2_bringup: 1.1.19 (/opt/ros/humble/share/nav2_bringup/cmake)
[2.090s] -- Found tf2_ros: 0.25.16 (/opt/ros/humble/share/tf2_ros/cmake)
[2.119s] -- Found ament_lint_auto: 0.12.14 (/opt/ros/humble/share/ament_lint_auto/cmake)
[2.219s] -- Added test 'flake8' to check Python code syntax and style conventions
[2.219s] -- Added test 'lint_cmake' to check CMake code style
[2.220s] -- Added test 'pep257' to check Python code against some of the docstring style conventions in PEP 257
[2.222s] -- Added test 'xmllint' to check XML markup files
[2.223s] -- Configuring done
[2.232s] -- Generating done
[2.236s] -- Build files have been written to: /home/sathvik/ros2_ws/build/warehouse_sim
[2.250s] Invoked command in '/home/sathvik/ros2_ws/build/warehouse_sim' returned '0': CMAKE_PREFIX_PATH=${CMAKE_PREFIX_PATH}:/opt/ros/humble /usr/bin/cmake /home/sathvik/ros2_ws/warehouse_sim -DCMAKE_INSTALL_PREFIX=/home/sathvik/ros2_ws/install/warehouse_sim
[2.255s] Invoking command in '/home/sathvik/ros2_ws/build/warehouse_sim': CMAKE_PREFIX_PATH=${CMAKE_PREFIX_PATH}:/opt/ros/humble /usr/bin/cmake --build /home/sathvik/ros2_ws/build/warehouse_sim -- -j8 -l8
[2.321s] Invoked command in '/home/sathvik/ros2_ws/build/warehouse_sim' returned '0': CMAKE_PREFIX_PATH=${CMAKE_PREFIX_PATH}:/opt/ros/humble /usr/bin/cmake --build /home/sathvik/ros2_ws/build/warehouse_sim -- -j8 -l8
[2.337s] Invoking command in '/home/sathvik/ros2_ws/build/warehouse_sim': CMAKE_PREFIX_PATH=${CMAKE_PREFIX_PATH}:/opt/ros/humble /usr/bin/cmake --install /home/sathvik/ros2_ws/build/warehouse_sim
[2.355s] -- Install configuration: ""
[2.356s] -- Installing: /home/sathvik/ros2_ws/install/warehouse_sim/share/warehouse_sim/launch
[2.356s] -- Installing: /home/sathvik/ros2_ws/install/warehouse_sim/share/warehouse_sim/launch/warehouse_gz.launch.py
[2.356s] -- Installing: /home/sathvik/ros2_ws/install/warehouse_sim/share/warehouse_sim/worlds
[2.357s] -- Installing: /home/sathvik/ros2_ws/install/warehouse_sim/share/warehouse_sim/worlds/warehouse_world.sdf
[2.357s] -- Installing: /home/sathvik/ros2_ws/install/warehouse_sim/share/warehouse_sim/models
[2.357s] -- Installing: /home/sathvik/ros2_ws/install/warehouse_sim/share/warehouse_sim/models/diff_robot
[2.357s] -- Installing: /home/sathvik/ros2_ws/install/warehouse_sim/share/warehouse_sim/models/diff_robot/model.config
[2.358s] -- Installing: /home/sathvik/ros2_ws/install/warehouse_sim/share/warehouse_sim/models/diff_robot/model.sdf
[2.358s] -- Installing: /home/sathvik/ros2_ws/install/warehouse_sim/share/warehouse_sim/maps
[2.358s] -- Installing: /home/sathvik/ros2_ws/install/warehouse_sim/share/warehouse_sim/config
[2.358s] -- Installing: /home/sathvik/ros2_ws/install/warehouse_sim/share/ament_index/resource_index/package_run_dependencies/warehouse_sim
[2.359s] -- Installing: /home/sathvik/ros2_ws/install/warehouse_sim/share/ament_index/resource_index/parent_prefix_path/warehouse_sim
[2.359s] -- Installing: /home/sathvik/ros2_ws/install/warehouse_sim/share/warehouse_sim/environment/ament_prefix_path.sh
[2.359s] -- Installing: /home/sathvik/ros2_ws/install/warehouse_sim/share/warehouse_sim/environment/ament_prefix_path.dsv
[2.359s] -- Installing: /home/sathvik/ros2_ws/install/warehouse_sim/share/warehouse_sim/environment/path.sh
[2.360s] -- Installing: /home/sathvik/ros2_ws/install/warehouse_sim/share/warehouse_sim/environment/path.dsv
[2.360s] -- Installing: /home/sathvik/ros2_ws/install/warehouse_sim/share/warehouse_sim/local_setup.bash
[2.360s] -- Installing: /home/sathvik/ros2_ws/install/warehouse_sim/share/warehouse_sim/local_setup.sh
[2.360s] -- Installing: /home/sathvik/ros2_ws/install/warehouse_sim/share/warehouse_sim/local_setup.zsh
[2.360s] -- Installing: /home/sathvik/ros2_ws/install/warehouse_sim/share/warehouse_sim/local_setup.dsv
[2.361s] -- Installing: /home/sathvik/ros2_ws/install/warehouse_sim/share/warehouse_sim/package.dsv
[2.361s] -- Installing: /home/sathvik/ros2_ws/install/warehouse_sim/share/ament_index/resource_index/packages/warehouse_sim
[2.361s] -- Installing: /home/sathvik/ros2_ws/install/warehouse_sim/share/warehouse_sim/cmake/warehouse_simConfig.cmake
[2.361s] -- Installing: /home/sathvik/ros2_ws/install/warehouse_sim/share/warehouse_sim/cmake/warehouse_simConfig-version.cmake
[2.361s] -- Installing: /home/sathvik/ros2_ws/install/warehouse_sim/share/warehouse_sim/package.xml
[2.363s] Invoked command in '/home/sathvik/ros2_ws/build/warehouse_sim' returned '0': CMAKE_PREFIX_PATH=${CMAKE_PREFIX_PATH}:/opt/ros/humble /usr/bin/cmake --install /home/sathvik/ros2_ws/build/warehouse_sim
