[0.018s] Invoking command in '/home/sathvik/ros2_ws/build/warehouse_sim': CMAKE_PREFIX_PATH=${CMAKE_PREFIX_PATH}:/opt/ros/humble /usr/bin/cmake --build /home/sathvik/ros2_ws/build/warehouse_sim -- -j8 -l8
[0.065s] -- Found ament_cmake: 1.3.12 (/opt/ros/humble/share/ament_cmake/cmake)
[0.227s] -- Found rclcpp: 16.0.16 (/opt/ros/humble/share/rclcpp/cmake)
[0.278s] -- Found rosidl_generator_c: 3.1.7 (/opt/ros/humble/share/rosidl_generator_c/cmake)
[0.281s] -- Found rosidl_adapter: 3.1.7 (/opt/ros/humble/share/rosidl_adapter/cmake)
[0.287s] -- Found rosidl_generator_cpp: 3.1.7 (/opt/ros/humble/share/rosidl_generator_cpp/cmake)
[0.298s] -- Using all available rosidl_typesupport_c: rosidl_typesupport_fastrtps_c;rosidl_typesupport_introspection_c
[0.312s] -- Using all available rosidl_typesupport_cpp: rosidl_typesupport_fastrtps_cpp;rosidl_typesupport_introspection_cpp
[0.348s] -- Found rmw_implementation_cmake: 6.1.2 (/opt/ros/humble/share/rmw_implementation_cmake/cmake)
[0.349s] -- Found rmw_fastrtps_cpp: 6.2.9 (/opt/ros/humble/share/rmw_fastrtps_cpp/cmake)
[0.486s] -- Using RMW implementation 'rmw_fastrtps_cpp' as default
[0.540s] -- Found ros_gz_sim: 0.244.20 (/opt/ros/humble/share/ros_gz_sim/cmake)
[0.541s] -- Found ros_gz_bridge: 0.244.20 (/opt/ros/humble/share/ros_gz_bridge/cmake)
[0.597s] -- Found Protobuf: /usr/lib/x86_64-linux-gnu/libprotobuf.so (found suitable version "3.12.4", minimum required is "3") 
[0.752s] -- Found Protobuf: /usr/lib/x86_64-linux-gnu/libprotobuf.so (found version "3.12.4") 
[1.238s] -- Found nav2_bringup: 1.1.20 (/opt/ros/humble/share/nav2_bringup/cmake)
[1.239s] -- Found tf2_ros: 0.25.17 (/opt/ros/humble/share/tf2_ros/cmake)
[1.261s] -- Found ament_lint_auto: 0.12.14 (/opt/ros/humble/share/ament_lint_auto/cmake)
[1.349s] -- Added test 'flake8' to check Python code syntax and style conventions
[1.350s] -- Added test 'lint_cmake' to check CMake code style
[1.350s] -- Added test 'pep257' to check Python code against some of the docstring style conventions in PEP 257
[1.352s] -- Added test 'xmllint' to check XML markup files
[1.353s] -- Configuring done
[1.361s] -- Generating done
[1.365s] -- Build files have been written to: /home/sathvik/ros2_ws/build/warehouse_sim
[1.410s] Invoked command in '/home/sathvik/ros2_ws/build/warehouse_sim' returned '0': CMAKE_PREFIX_PATH=${CMAKE_PREFIX_PATH}:/opt/ros/humble /usr/bin/cmake --build /home/sathvik/ros2_ws/build/warehouse_sim -- -j8 -l8
[1.426s] Invoking command in '/home/sathvik/ros2_ws/build/warehouse_sim': CMAKE_PREFIX_PATH=${CMAKE_PREFIX_PATH}:/opt/ros/humble /usr/bin/cmake --install /home/sathvik/ros2_ws/build/warehouse_sim
[1.437s] -- Install configuration: ""
[1.438s] -- Up-to-date: /home/sathvik/ros2_ws/install/warehouse_sim/share/warehouse_sim/launch
[1.438s] -- Up-to-date: /home/sathvik/ros2_ws/install/warehouse_sim/share/warehouse_sim/launch/warehouse_gz.launch.py
[1.439s] -- Up-to-date: /home/sathvik/ros2_ws/install/warehouse_sim/share/warehouse_sim/worlds
[1.439s] -- Up-to-date: /home/sathvik/ros2_ws/install/warehouse_sim/share/warehouse_sim/worlds/warehouse_world.sdf
[1.439s] -- Up-to-date: /home/sathvik/ros2_ws/install/warehouse_sim/share/warehouse_sim/models
[1.439s] -- Up-to-date: /home/sathvik/ros2_ws/install/warehouse_sim/share/warehouse_sim/models/diff_robot
[1.440s] -- Up-to-date: /home/sathvik/ros2_ws/install/warehouse_sim/share/warehouse_sim/models/diff_robot/model.config
[1.440s] -- Up-to-date: /home/sathvik/ros2_ws/install/warehouse_sim/share/warehouse_sim/models/diff_robot/model2.sdf
[1.440s] -- Up-to-date: /home/sathvik/ros2_ws/install/warehouse_sim/share/warehouse_sim/models/diff_robot/model.sdf
[1.441s] [31mCMake Error at cmake_install.cmake:46 (file):
[1.441s]   file INSTALL cannot find "/home/sathvik/ros2_ws/warehouse_sim/maps": No
[1.441s]   such file or directory.
[1.441s] 
[1.442s] [0m
[1.444s] Invoked command in '/home/sathvik/ros2_ws/build/warehouse_sim' returned '1': CMAKE_PREFIX_PATH=${CMAKE_PREFIX_PATH}:/opt/ros/humble /usr/bin/cmake --install /home/sathvik/ros2_ws/build/warehouse_sim
