[0.213s] DEBUG:colcon:Command line arguments: ['/usr/bin/colcon', 'build', '--packages-select', 'warehouse_sim']
[0.213s] DEBUG:colcon:Parsed command line arguments: Namespace(log_base=None, log_level=None, verb_name='build', build_base='build', install_base='install', merge_install=False, symlink_install=False, test_result_base=None, continue_on_error=False, executor='parallel', parallel_workers=8, event_handlers=None, ignore_user_meta=False, metas=['./colcon.meta'], base_paths=['.'], packages_ignore=None, packages_ignore_regex=None, paths=None, packages_up_to=None, packages_up_to_regex=None, packages_above=None, packages_above_and_dependencies=None, packages_above_depth=None, packages_select_by_dep=None, packages_skip_by_dep=None, packages_skip_up_to=None, packages_select_build_failed=False, packages_skip_build_finished=False, packages_select_test_failures=False, packages_skip_test_passed=False, packages_select=['warehouse_sim'], packages_skip=None, packages_select_regex=None, packages_skip_regex=None, packages_start=None, packages_end=None, allow_overriding=[], cmake_args=None, cmake_target=None, cmake_target_skip_unavailable=False, cmake_clean_cache=False, cmake_clean_first=False, cmake_force_configure=False, ament_cmake_args=None, catkin_cmake_args=None, catkin_skip_building_tests=False, verb_parser=<colcon_defaults.argument_parser.defaults.DefaultArgumentsDecorator object at 0x74ca8fe2b5e0>, verb_extension=<colcon_core.verb.build.BuildVerb object at 0x74ca8fe2b100>, main=<bound method BuildVerb.main of <colcon_core.verb.build.BuildVerb object at 0x74ca8fe2b100>>)
[0.504s] Level 1:colcon.colcon_core.package_discovery:discover_packages(colcon_meta) check parameters
[0.504s] Level 1:colcon.colcon_core.package_discovery:discover_packages(recursive) check parameters
[0.504s] Level 1:colcon.colcon_core.package_discovery:discover_packages(ignore) check parameters
[0.504s] Level 1:colcon.colcon_core.package_discovery:discover_packages(path) check parameters
[0.504s] Level 1:colcon.colcon_core.package_discovery:discover_packages(colcon_meta) discover
[0.504s] Level 1:colcon.colcon_core.package_discovery:discover_packages(recursive) discover
[0.504s] INFO:colcon.colcon_core.package_discovery:Crawling recursively for packages in '/home/sathvik/ros2_ws'
[0.504s] Level 1:colcon.colcon_core.package_identification:_identify(.) by extensions ['ignore', 'ignore_ament_install']
[0.504s] Level 1:colcon.colcon_core.package_identification:_identify(.) by extension 'ignore'
[0.504s] Level 1:colcon.colcon_core.package_identification:_identify(.) by extension 'ignore_ament_install'
[0.504s] Level 1:colcon.colcon_core.package_identification:_identify(.) by extensions ['colcon_pkg']
[0.504s] Level 1:colcon.colcon_core.package_identification:_identify(.) by extension 'colcon_pkg'
[0.504s] Level 1:colcon.colcon_core.package_identification:_identify(.) by extensions ['colcon_meta']
[0.505s] Level 1:colcon.colcon_core.package_identification:_identify(.) by extension 'colcon_meta'
[0.505s] Level 1:colcon.colcon_core.package_identification:_identify(.) by extensions ['ros']
[0.505s] Level 1:colcon.colcon_core.package_identification:_identify(.) by extension 'ros'
[0.517s] Level 1:colcon.colcon_core.package_identification:_identify(.) by extensions ['cmake', 'python']
[0.517s] Level 1:colcon.colcon_core.package_identification:_identify(.) by extension 'cmake'
[0.517s] Level 1:colcon.colcon_core.package_identification:_identify(.) by extension 'python'
[0.517s] Level 1:colcon.colcon_core.package_identification:_identify(.) by extensions ['python_setup_py']
[0.517s] Level 1:colcon.colcon_core.package_identification:_identify(.) by extension 'python_setup_py'
[0.517s] Level 1:colcon.colcon_core.package_identification:_identify(build) by extensions ['ignore', 'ignore_ament_install']
[0.517s] Level 1:colcon.colcon_core.package_identification:_identify(build) by extension 'ignore'
[0.517s] Level 1:colcon.colcon_core.package_identification:_identify(build) ignored
[0.518s] Level 1:colcon.colcon_core.package_identification:_identify(install) by extensions ['ignore', 'ignore_ament_install']
[0.518s] Level 1:colcon.colcon_core.package_identification:_identify(install) by extension 'ignore'
[0.518s] Level 1:colcon.colcon_core.package_identification:_identify(install) ignored
[0.518s] Level 1:colcon.colcon_core.package_identification:_identify(log) by extensions ['ignore', 'ignore_ament_install']
[0.518s] Level 1:colcon.colcon_core.package_identification:_identify(log) by extension 'ignore'
[0.518s] Level 1:colcon.colcon_core.package_identification:_identify(log) ignored
[0.518s] Level 1:colcon.colcon_core.package_identification:_identify(warehouse_sim) by extensions ['ignore', 'ignore_ament_install']
[0.518s] Level 1:colcon.colcon_core.package_identification:_identify(warehouse_sim) by extension 'ignore'
[0.518s] Level 1:colcon.colcon_core.package_identification:_identify(warehouse_sim) by extension 'ignore_ament_install'
[0.518s] Level 1:colcon.colcon_core.package_identification:_identify(warehouse_sim) by extensions ['colcon_pkg']
[0.518s] Level 1:colcon.colcon_core.package_identification:_identify(warehouse_sim) by extension 'colcon_pkg'
[0.518s] Level 1:colcon.colcon_core.package_identification:_identify(warehouse_sim) by extensions ['colcon_meta']
[0.518s] Level 1:colcon.colcon_core.package_identification:_identify(warehouse_sim) by extension 'colcon_meta'
[0.519s] Level 1:colcon.colcon_core.package_identification:_identify(warehouse_sim) by extensions ['ros']
[0.519s] Level 1:colcon.colcon_core.package_identification:_identify(warehouse_sim) by extension 'ros'
[0.522s] DEBUG:colcon.colcon_core.package_identification:Package 'warehouse_sim' with type 'ros.ament_cmake' and name 'warehouse_sim'
[0.522s] Level 1:colcon.colcon_core.package_discovery:discover_packages(recursive) using defaults
[0.522s] Level 1:colcon.colcon_core.package_discovery:discover_packages(ignore) discover
[0.522s] Level 1:colcon.colcon_core.package_discovery:discover_packages(ignore) using defaults
[0.522s] Level 1:colcon.colcon_core.package_discovery:discover_packages(path) discover
[0.522s] Level 1:colcon.colcon_core.package_discovery:discover_packages(path) using defaults
[0.563s] Level 1:colcon.colcon_core.package_discovery:discover_packages(prefix_path) check parameters
[0.563s] Level 1:colcon.colcon_core.package_discovery:discover_packages(prefix_path) discover
[0.567s] DEBUG:colcon.colcon_installed_package_information.package_discovery:Found 340 installed packages in /opt/ros/humble
[0.569s] Level 1:colcon.colcon_core.package_discovery:discover_packages(prefix_path) using defaults
[0.625s] Level 5:colcon.colcon_core.verb:set package 'warehouse_sim' build argument 'cmake_args' from command line to 'None'
[0.625s] Level 5:colcon.colcon_core.verb:set package 'warehouse_sim' build argument 'cmake_target' from command line to 'None'
[0.625s] Level 5:colcon.colcon_core.verb:set package 'warehouse_sim' build argument 'cmake_target_skip_unavailable' from command line to 'False'
[0.625s] Level 5:colcon.colcon_core.verb:set package 'warehouse_sim' build argument 'cmake_clean_cache' from command line to 'False'
[0.625s] Level 5:colcon.colcon_core.verb:set package 'warehouse_sim' build argument 'cmake_clean_first' from command line to 'False'
[0.625s] Level 5:colcon.colcon_core.verb:set package 'warehouse_sim' build argument 'cmake_force_configure' from command line to 'False'
[0.625s] Level 5:colcon.colcon_core.verb:set package 'warehouse_sim' build argument 'ament_cmake_args' from command line to 'None'
[0.625s] Level 5:colcon.colcon_core.verb:set package 'warehouse_sim' build argument 'catkin_cmake_args' from command line to 'None'
[0.625s] Level 5:colcon.colcon_core.verb:set package 'warehouse_sim' build argument 'catkin_skip_building_tests' from command line to 'False'
[0.625s] DEBUG:colcon.colcon_core.verb:Building package 'warehouse_sim' with the following arguments: {'ament_cmake_args': None, 'build_base': '/home/sathvik/ros2_ws/build/warehouse_sim', 'catkin_cmake_args': None, 'catkin_skip_building_tests': False, 'cmake_args': None, 'cmake_clean_cache': False, 'cmake_clean_first': False, 'cmake_force_configure': False, 'cmake_target': None, 'cmake_target_skip_unavailable': False, 'install_base': '/home/sathvik/ros2_ws/install/warehouse_sim', 'merge_install': False, 'path': '/home/sathvik/ros2_ws/warehouse_sim', 'symlink_install': False, 'test_result_base': None}
[0.626s] INFO:colcon.colcon_core.executor:Executing jobs using 'parallel' executor
[0.627s] DEBUG:colcon.colcon_parallel_executor.executor.parallel:run_until_complete
[0.627s] INFO:colcon.colcon_ros.task.ament_cmake.build:Building ROS package in '/home/sathvik/ros2_ws/warehouse_sim' with build type 'ament_cmake'
[0.627s] INFO:colcon.colcon_cmake.task.cmake.build:Building CMake package in '/home/sathvik/ros2_ws/warehouse_sim'
[0.631s] INFO:colcon.colcon_core.plugin_system:Skipping extension 'colcon_core.shell.bat': Not used on non-Windows systems
[0.631s] INFO:colcon.colcon_core.shell:Skip shell extension 'powershell' for command environment: Not usable outside of PowerShell
[0.631s] DEBUG:colcon.colcon_core.shell:Skip shell extension 'dsv' for command environment
[0.645s] DEBUG:colcon.colcon_core.event_handler.log_command:Invoking command in '/home/sathvik/ros2_ws/build/warehouse_sim': CMAKE_PREFIX_PATH=/opt/ros/humble /usr/bin/cmake --build /home/sathvik/ros2_ws/build/warehouse_sim -- -j8 -l8
[0.713s] DEBUG:colcon.colcon_core.event_handler.log_command:Invoked command in '/home/sathvik/ros2_ws/build/warehouse_sim' returned '0': CMAKE_PREFIX_PATH=/opt/ros/humble /usr/bin/cmake --build /home/sathvik/ros2_ws/build/warehouse_sim -- -j8 -l8
[0.729s] DEBUG:colcon.colcon_core.event_handler.log_command:Invoking command in '/home/sathvik/ros2_ws/build/warehouse_sim': CMAKE_PREFIX_PATH=/opt/ros/humble /usr/bin/cmake --install /home/sathvik/ros2_ws/build/warehouse_sim
[0.744s] Level 1:colcon.colcon_core.environment:create_environment_scripts_only(warehouse_sim)
[0.749s] DEBUG:colcon.colcon_core.event_handler.log_command:Invoked command in '/home/sathvik/ros2_ws/build/warehouse_sim' returned '0': CMAKE_PREFIX_PATH=/opt/ros/humble /usr/bin/cmake --install /home/sathvik/ros2_ws/build/warehouse_sim
[0.752s] Level 1:colcon.colcon_core.environment:checking '/home/sathvik/ros2_ws/install/warehouse_sim' for CMake module files
[0.753s] Level 1:colcon.colcon_core.environment:checking '/home/sathvik/ros2_ws/install/warehouse_sim' for CMake config files
[0.753s] Level 1:colcon.colcon_core.shell:create_environment_hook('warehouse_sim', 'cmake_prefix_path')
[0.754s] INFO:colcon.colcon_core.shell:Creating environment hook '/home/sathvik/ros2_ws/install/warehouse_sim/share/warehouse_sim/hook/cmake_prefix_path.ps1'
[0.754s] INFO:colcon.colcon_core.shell:Creating environment descriptor '/home/sathvik/ros2_ws/install/warehouse_sim/share/warehouse_sim/hook/cmake_prefix_path.dsv'
[0.755s] INFO:colcon.colcon_core.shell:Creating environment hook '/home/sathvik/ros2_ws/install/warehouse_sim/share/warehouse_sim/hook/cmake_prefix_path.sh'
[0.757s] Level 1:colcon.colcon_core.environment:checking '/home/sathvik/ros2_ws/install/warehouse_sim/bin'
[0.757s] Level 1:colcon.colcon_core.environment:checking '/home/sathvik/ros2_ws/install/warehouse_sim/lib/pkgconfig/warehouse_sim.pc'
[0.758s] Level 1:colcon.colcon_core.environment:checking '/home/sathvik/ros2_ws/install/warehouse_sim/lib/python3.10/site-packages'
[0.759s] Level 1:colcon.colcon_core.environment:checking '/home/sathvik/ros2_ws/install/warehouse_sim/bin'
[0.760s] INFO:colcon.colcon_core.shell:Creating package script '/home/sathvik/ros2_ws/install/warehouse_sim/share/warehouse_sim/package.ps1'
[0.762s] INFO:colcon.colcon_core.shell:Creating package descriptor '/home/sathvik/ros2_ws/install/warehouse_sim/share/warehouse_sim/package.dsv'
[0.764s] INFO:colcon.colcon_core.shell:Creating package script '/home/sathvik/ros2_ws/install/warehouse_sim/share/warehouse_sim/package.sh'
[0.766s] INFO:colcon.colcon_core.shell:Creating package script '/home/sathvik/ros2_ws/install/warehouse_sim/share/warehouse_sim/package.bash'
[0.769s] INFO:colcon.colcon_core.shell:Creating package script '/home/sathvik/ros2_ws/install/warehouse_sim/share/warehouse_sim/package.zsh'
[0.771s] Level 1:colcon.colcon_core.environment:create_file_with_runtime_dependencies(/home/sathvik/ros2_ws/install/warehouse_sim/share/colcon-core/packages/warehouse_sim)
[0.773s] Level 1:colcon.colcon_core.environment:create_environment_scripts_only(warehouse_sim)
[0.774s] Level 1:colcon.colcon_core.environment:checking '/home/sathvik/ros2_ws/install/warehouse_sim' for CMake module files
[0.776s] Level 1:colcon.colcon_core.environment:checking '/home/sathvik/ros2_ws/install/warehouse_sim' for CMake config files
[0.777s] Level 1:colcon.colcon_core.shell:create_environment_hook('warehouse_sim', 'cmake_prefix_path')
[0.778s] INFO:colcon.colcon_core.shell:Creating environment hook '/home/sathvik/ros2_ws/install/warehouse_sim/share/warehouse_sim/hook/cmake_prefix_path.ps1'
[0.779s] INFO:colcon.colcon_core.shell:Creating environment descriptor '/home/sathvik/ros2_ws/install/warehouse_sim/share/warehouse_sim/hook/cmake_prefix_path.dsv'
[0.780s] INFO:colcon.colcon_core.shell:Creating environment hook '/home/sathvik/ros2_ws/install/warehouse_sim/share/warehouse_sim/hook/cmake_prefix_path.sh'
[0.781s] Level 1:colcon.colcon_core.environment:checking '/home/sathvik/ros2_ws/install/warehouse_sim/bin'
[0.782s] Level 1:colcon.colcon_core.environment:checking '/home/sathvik/ros2_ws/install/warehouse_sim/lib/pkgconfig/warehouse_sim.pc'
[0.782s] Level 1:colcon.colcon_core.environment:checking '/home/sathvik/ros2_ws/install/warehouse_sim/lib/python3.10/site-packages'
[0.783s] Level 1:colcon.colcon_core.environment:checking '/home/sathvik/ros2_ws/install/warehouse_sim/bin'
[0.784s] INFO:colcon.colcon_core.shell:Creating package script '/home/sathvik/ros2_ws/install/warehouse_sim/share/warehouse_sim/package.ps1'
[0.785s] INFO:colcon.colcon_core.shell:Creating package descriptor '/home/sathvik/ros2_ws/install/warehouse_sim/share/warehouse_sim/package.dsv'
[0.786s] INFO:colcon.colcon_core.shell:Creating package script '/home/sathvik/ros2_ws/install/warehouse_sim/share/warehouse_sim/package.sh'
[0.787s] INFO:colcon.colcon_core.shell:Creating package script '/home/sathvik/ros2_ws/install/warehouse_sim/share/warehouse_sim/package.bash'
[0.788s] INFO:colcon.colcon_core.shell:Creating package script '/home/sathvik/ros2_ws/install/warehouse_sim/share/warehouse_sim/package.zsh'
[0.789s] Level 1:colcon.colcon_core.environment:create_file_with_runtime_dependencies(/home/sathvik/ros2_ws/install/warehouse_sim/share/colcon-core/packages/warehouse_sim)
[0.790s] DEBUG:colcon.colcon_parallel_executor.executor.parallel:closing loop
[0.790s] DEBUG:colcon.colcon_parallel_executor.executor.parallel:loop closed
[0.790s] DEBUG:colcon.colcon_parallel_executor.executor.parallel:run_until_complete finished with '0'
[0.791s] DEBUG:colcon.colcon_core.event_reactor:joining thread
[0.806s] INFO:colcon.colcon_core.plugin_system:Skipping extension 'colcon_notification.desktop_notification.terminal_notifier': Not used on non-Darwin systems
[0.806s] INFO:colcon.colcon_core.plugin_system:Skipping extension 'colcon_notification.desktop_notification.win32': Not used on non-Windows systems
[0.807s] INFO:colcon.colcon_notification.desktop_notification:Sending desktop notification using 'notify2'
[0.846s] DEBUG:colcon.colcon_core.event_reactor:joined thread
[0.847s] INFO:colcon.colcon_core.shell:Creating prefix script '/home/sathvik/ros2_ws/install/local_setup.ps1'
[0.849s] INFO:colcon.colcon_core.shell:Creating prefix util module '/home/sathvik/ros2_ws/install/_local_setup_util_ps1.py'
[0.851s] INFO:colcon.colcon_core.shell:Creating prefix chain script '/home/sathvik/ros2_ws/install/setup.ps1'
[0.853s] INFO:colcon.colcon_core.shell:Creating prefix script '/home/sathvik/ros2_ws/install/local_setup.sh'
[0.855s] INFO:colcon.colcon_core.shell:Creating prefix util module '/home/sathvik/ros2_ws/install/_local_setup_util_sh.py'
[0.856s] INFO:colcon.colcon_core.shell:Creating prefix chain script '/home/sathvik/ros2_ws/install/setup.sh'
[0.858s] INFO:colcon.colcon_core.shell:Creating prefix script '/home/sathvik/ros2_ws/install/local_setup.bash'
[0.859s] INFO:colcon.colcon_core.shell:Creating prefix chain script '/home/sathvik/ros2_ws/install/setup.bash'
[0.860s] INFO:colcon.colcon_core.shell:Creating prefix script '/home/sathvik/ros2_ws/install/local_setup.zsh'
[0.861s] INFO:colcon.colcon_core.shell:Creating prefix chain script '/home/sathvik/ros2_ws/install/setup.zsh'
