[0.014s] Invoking command in '/home/sathvik/ros2_ws/build/warehouse_sim': CMAKE_PREFIX_PATH=/opt/ros/humble /usr/bin/cmake /home/sathvik/ros2_ws/warehouse_sim -DCMAKE_INSTALL_PREFIX=/home/sathvik/ros2_ws/install/warehouse_sim
[0.036s] -- Found ament_cmake: 1.3.12 (/opt/ros/humble/share/ament_cmake/cmake)
[0.188s] -- Found rclcpp: 16.0.15 (/opt/ros/humble/share/rclcpp/cmake)
[0.236s] -- Found rosidl_generator_c: 3.1.7 (/opt/ros/humble/share/rosidl_generator_c/cmake)
[0.238s] -- Found rosidl_adapter: 3.1.7 (/opt/ros/humble/share/rosidl_adapter/cmake)
[0.245s] -- Found rosidl_generator_cpp: 3.1.7 (/opt/ros/humble/share/rosidl_generator_cpp/cmake)
[0.255s] -- Using all available rosidl_typesupport_c: rosidl_typesupport_fastrtps_c;rosidl_typesupport_introspection_c
[0.268s] -- Using all available rosidl_typesupport_cpp: rosidl_typesupport_fastrtps_cpp;rosidl_typesupport_introspection_cpp
[0.302s] -- Found rmw_implementation_cmake: 6.1.2 (/opt/ros/humble/share/rmw_implementation_cmake/cmake)
[0.304s] -- Found rmw_fastrtps_cpp: 6.2.9 (/opt/ros/humble/share/rmw_fastrtps_cpp/cmake)
[0.436s] -- Using RMW implementation 'rmw_fastrtps_cpp' as default
[0.486s] -- Found ros_gz_sim: 0.244.20 (/opt/ros/humble/share/ros_gz_sim/cmake)
[0.488s] -- Found ros_gz_bridge: 0.244.20 (/opt/ros/humble/share/ros_gz_bridge/cmake)
[0.542s] -- Found Protobuf: /usr/lib/x86_64-linux-gnu/libprotobuf.so (found suitable version "3.12.4", minimum required is "3") 
[0.683s] -- Found Protobuf: /usr/lib/x86_64-linux-gnu/libprotobuf.so (found version "3.12.4") 
[1.197s] -- Found nav2_bringup: 1.1.19 (/opt/ros/humble/share/nav2_bringup/cmake)
[1.210s] -- Found tf2_ros: 0.25.16 (/opt/ros/humble/share/tf2_ros/cmake)
[1.247s] -- Found ament_lint_auto: 0.12.14 (/opt/ros/humble/share/ament_lint_auto/cmake)
[1.352s] -- Added test 'flake8' to check Python code syntax and style conventions
[1.353s] -- Added test 'lint_cmake' to check CMake code style
[1.354s] -- Added test 'pep257' to check Python code against some of the docstring style conventions in PEP 257
[1.356s] -- Added test 'xmllint' to check XML markup files
[1.358s] -- Configuring done
[1.366s] -- Generating done
[1.368s] -- Build files have been written to: /home/sathvik/ros2_ws/build/warehouse_sim
[1.382s] Invoked command in '/home/sathvik/ros2_ws/build/warehouse_sim' returned '0': CMAKE_PREFIX_PATH=/opt/ros/humble /usr/bin/cmake /home/sathvik/ros2_ws/warehouse_sim -DCMAKE_INSTALL_PREFIX=/home/sathvik/ros2_ws/install/warehouse_sim
[1.386s] Invoking command in '/home/sathvik/ros2_ws/build/warehouse_sim': CMAKE_PREFIX_PATH=/opt/ros/humble /usr/bin/cmake --build /home/sathvik/ros2_ws/build/warehouse_sim -- -j8 -l8
[1.462s] Invoked command in '/home/sathvik/ros2_ws/build/warehouse_sim' returned '0': CMAKE_PREFIX_PATH=/opt/ros/humble /usr/bin/cmake --build /home/sathvik/ros2_ws/build/warehouse_sim -- -j8 -l8
[1.485s] Invoking command in '/home/sathvik/ros2_ws/build/warehouse_sim': CMAKE_PREFIX_PATH=/opt/ros/humble /usr/bin/cmake --install /home/sathvik/ros2_ws/build/warehouse_sim
[1.494s] -- Install configuration: ""
[1.494s] -- Installing: /home/sathvik/ros2_ws/install/warehouse_sim/share/warehouse_sim/launch
[1.495s] -- Installing: /home/sathvik/ros2_ws/install/warehouse_sim/share/warehouse_sim/launch/warehouse_gz.launch.py
[1.495s] -- Installing: /home/sathvik/ros2_ws/install/warehouse_sim/share/warehouse_sim/worlds
[1.495s] -- Installing: /home/sathvik/ros2_ws/install/warehouse_sim/share/warehouse_sim/worlds/warehouse_world.sdf
[1.495s] -- Installing: /home/sathvik/ros2_ws/install/warehouse_sim/share/warehouse_sim/models
[1.495s] -- Installing: /home/sathvik/ros2_ws/install/warehouse_sim/share/warehouse_sim/models/diff_robot
[1.496s] -- Installing: /home/sathvik/ros2_ws/install/warehouse_sim/share/warehouse_sim/models/diff_robot/model.config
[1.496s] -- Installing: /home/sathvik/ros2_ws/install/warehouse_sim/share/warehouse_sim/models/diff_robot/model.sdf
[1.496s] -- Installing: /home/sathvik/ros2_ws/install/warehouse_sim/share/warehouse_sim/maps
[1.496s] -- Installing: /home/sathvik/ros2_ws/install/warehouse_sim/share/warehouse_sim/config
[1.496s] -- Installing: /home/sathvik/ros2_ws/install/warehouse_sim/share/ament_index/resource_index/package_run_dependencies/warehouse_sim
[1.497s] -- Installing: /home/sathvik/ros2_ws/install/warehouse_sim/share/ament_index/resource_index/parent_prefix_path/warehouse_sim
[1.497s] -- Installing: /home/sathvik/ros2_ws/install/warehouse_sim/share/warehouse_sim/environment/ament_prefix_path.sh
[1.497s] -- Installing: /home/sathvik/ros2_ws/install/warehouse_sim/share/warehouse_sim/environment/ament_prefix_path.dsv
[1.497s] -- Installing: /home/sathvik/ros2_ws/install/warehouse_sim/share/warehouse_sim/environment/path.sh
[1.497s] -- Installing: /home/sathvik/ros2_ws/install/warehouse_sim/share/warehouse_sim/environment/path.dsv
[1.498s] -- Installing: /home/sathvik/ros2_ws/install/warehouse_sim/share/warehouse_sim/local_setup.bash
[1.498s] -- Installing: /home/sathvik/ros2_ws/install/warehouse_sim/share/warehouse_sim/local_setup.sh
[1.498s] -- Installing: /home/sathvik/ros2_ws/install/warehouse_sim/share/warehouse_sim/local_setup.zsh
[1.498s] -- Installing: /home/sathvik/ros2_ws/install/warehouse_sim/share/warehouse_sim/local_setup.dsv
[1.498s] -- Installing: /home/sathvik/ros2_ws/install/warehouse_sim/share/warehouse_sim/package.dsv
[1.498s] -- Installing: /home/sathvik/ros2_ws/install/warehouse_sim/share/ament_index/resource_index/packages/warehouse_sim
[1.499s] -- Installing: /home/sathvik/ros2_ws/install/warehouse_sim/share/warehouse_sim/cmake/warehouse_simConfig.cmake
[1.499s] -- Installing: /home/sathvik/ros2_ws/install/warehouse_sim/share/warehouse_sim/cmake/warehouse_simConfig-version.cmake
[1.499s] -- Installing: /home/sathvik/ros2_ws/install/warehouse_sim/share/warehouse_sim/package.xml
[1.501s] Invoked command in '/home/sathvik/ros2_ws/build/warehouse_sim' returned '0': CMAKE_PREFIX_PATH=/opt/ros/humble /usr/bin/cmake --install /home/sathvik/ros2_ws/build/warehouse_sim
