[0.016s] Invoking command in '/home/sathvik/ros2_ws/build/warehouse_sim': CMAKE_PREFIX_PATH=${CMAKE_PREFIX_PATH}:/opt/ros/humble /usr/bin/cmake --build /home/sathvik/ros2_ws/build/warehouse_sim -- -j8 -l8
[0.084s] Invoked command in '/home/sathvik/ros2_ws/build/warehouse_sim' returned '0': CMAKE_PREFIX_PATH=${CMAKE_PREFIX_PATH}:/opt/ros/humble /usr/bin/cmake --build /home/sathvik/ros2_ws/build/warehouse_sim -- -j8 -l8
[0.098s] Invoking command in '/home/sathvik/ros2_ws/build/warehouse_sim': CMAKE_PREFIX_PATH=${CMAKE_PREFIX_PATH}:/opt/ros/humble /usr/bin/cmake --install /home/sathvik/ros2_ws/build/warehouse_sim
[0.107s] -- Install configuration: ""
[0.107s] -- Up-to-date: /home/sathvik/ros2_ws/install/warehouse_sim/share/warehouse_sim/launch
[0.107s] -- Up-to-date: /home/sathvik/ros2_ws/install/warehouse_sim/share/warehouse_sim/launch/warehouse_gz.launch.py
[0.107s] -- Up-to-date: /home/sathvik/ros2_ws/install/warehouse_sim/share/warehouse_sim/worlds
[0.107s] -- Up-to-date: /home/sathvik/ros2_ws/install/warehouse_sim/share/warehouse_sim/worlds/warehouse_world.sdf
[0.108s] -- Up-to-date: /home/sathvik/ros2_ws/install/warehouse_sim/share/warehouse_sim/models
[0.108s] -- Up-to-date: /home/sathvik/ros2_ws/install/warehouse_sim/share/warehouse_sim/models/diff_robot
[0.108s] -- Up-to-date: /home/sathvik/ros2_ws/install/warehouse_sim/share/warehouse_sim/models/diff_robot/model.config
[0.108s] -- Up-to-date: /home/sathvik/ros2_ws/install/warehouse_sim/share/warehouse_sim/models/diff_robot/model2.sdf
[0.108s] -- Up-to-date: /home/sathvik/ros2_ws/install/warehouse_sim/share/warehouse_sim/models/diff_robot/model.sdf
[0.108s] -- Installing: /home/sathvik/ros2_ws/install/warehouse_sim/share/warehouse_sim/maps
[0.108s] [31mCMake Error at cmake_install.cmake:46 (file):
[0.109s]   file INSTALL cannot find "/home/sathvik/ros2_ws/warehouse_sim/config": No
[0.109s]   such file or directory.
[0.109s] 
[0.109s] [0m
[0.111s] Invoked command in '/home/sathvik/ros2_ws/build/warehouse_sim' returned '1': CMAKE_PREFIX_PATH=${CMAKE_PREFIX_PATH}:/opt/ros/humble /usr/bin/cmake --install /home/sathvik/ros2_ws/build/warehouse_sim
